<?xml version="1.0" encoding="UTF-8" standalone="no"?>
<!DOCTYPE log SYSTEM "logger.dtd">
<log>
<record>
  <date>2024-12-10T04:29:56.322447Z</date>
  <millis>1733804996322</millis>
  <nanos>447000</nanos>
  <sequence>1</sequence>
  <level>START</level>
  <class>com.kms.katalon.core.logging.XmlKeywordLogger</class>
  <method>startSuite</method>
  <thread>1</thread>
  <message>Start Test Suite : Test Suites/TS_Addition</message>
  <nestedLevel>0</nestedLevel>
  <escapedJava>false</escapedJava>
  <property name="rerunTestFailImmediately">true</property>
  <property name="retryCount">3</property>
  <property name="name">TS_Addition</property>
  <property name="description"></property>
  <property name="id">Test Suites/TS_Addition</property>
</record>
<record>
  <date>2024-12-10T04:29:56.327674Z</date>
  <millis>1733804996327</millis>
  <nanos>674000</nanos>
  <sequence>3</sequence>
  <level>RUN_DATA</level>
  <class>com.kms.katalon.core.logging.XmlKeywordLogger</class>
  <method>logMessage</method>
  <thread>1</thread>
  <message>hostName = mahtabsiddique - localhost</message>
  <nestedLevel>0</nestedLevel>
  <escapedJava>false</escapedJava>
  <property name="hostName">mahtabsiddique - localhost</property>
</record>
<record>
  <date>2024-12-10T04:29:56.328019Z</date>
  <millis>1733804996328</millis>
  <nanos>19000</nanos>
  <sequence>5</sequence>
  <level>RUN_DATA</level>
  <class>com.kms.katalon.core.logging.XmlKeywordLogger</class>
  <method>logMessage</method>
  <thread>1</thread>
  <message>os = Mac OS X 64bit</message>
  <nestedLevel>0</nestedLevel>
  <escapedJava>false</escapedJava>
  <property name="os">Mac OS X 64bit</property>
</record>
<record>
  <date>2024-12-10T04:29:56.328331Z</date>
  <millis>1733804996328</millis>
  <nanos>331000</nanos>
  <sequence>7</sequence>
  <level>RUN_DATA</level>
  <class>com.kms.katalon.core.logging.XmlKeywordLogger</class>
  <method>logMessage</method>
  <thread>1</thread>
  <message>hostAddress = 127.0.0.1</message>
  <nestedLevel>0</nestedLevel>
  <escapedJava>false</escapedJava>
  <property name="hostAddress">127.0.0.1</property>
</record>
<record>
  <date>2024-12-10T04:29:56.328648Z</date>
  <millis>1733804996328</millis>
  <nanos>648000</nanos>
  <sequence>9</sequence>
  <level>RUN_DATA</level>
  <class>com.kms.katalon.core.logging.XmlKeywordLogger</class>
  <method>logMessage</method>
  <thread>1</thread>
  <message>katalonVersion = 10.0.0.223</message>
  <nestedLevel>0</nestedLevel>
  <escapedJava>false</escapedJava>
  <property name="katalonVersion">10.0.0.223</property>
</record>
<record>
  <date>2024-12-10T04:29:56.387878Z</date>
  <millis>1733804996387</millis>
  <nanos>878000</nanos>
  <sequence>12</sequence>
  <level>START</level>
  <class>com.kms.katalon.core.logging.XmlKeywordLogger</class>
  <method>startTest</method>
  <thread>1</thread>
  <message>Start Test Case : Test Cases/SOAP/TC-SOAP-ADD</message>
  <nestedLevel>1</nestedLevel>
  <escapedJava>false</escapedJava>
  <property name="remainingRetryCount">3</property>
  <property name="name">Test Cases/SOAP/TC-SOAP-ADD</property>
  <property name="description"></property>
  <property name="iteration">2</property>
  <property name="id">Test Cases/SOAP/TC-SOAP-ADD</property>
  <property name="source">\Users\mahtabsiddique\git\api-sample-tests\Test Cases\SOAP\TC-SOAP-ADD.tc</property>
  <property name="tag"></property>
  <property name="isOptional">false</property>
  <property name="currentRetryCount">0</property>
</record>
<record>
  <date>2024-12-10T04:29:56.406786Z</date>
  <millis>1733804996406</millis>
  <nanos>786000</nanos>
  <sequence>15</sequence>
  <level>INFO</level>
  <class>com.kms.katalon.core.logging.XmlKeywordLogger</class>
  <method>logMessage</method>
  <thread>1</thread>
  <message>IntA1 = 1</message>
  <nestedLevel>1</nestedLevel>
  <escapedJava>false</escapedJava>
</record>
<record>
  <date>2024-12-10T04:29:56.407204Z</date>
  <millis>1733804996407</millis>
  <nanos>204000</nanos>
  <sequence>17</sequence>
  <level>INFO</level>
  <class>com.kms.katalon.core.logging.XmlKeywordLogger</class>
  <method>logMessage</method>
  <thread>1</thread>
  <message>IntA2 = 2</message>
  <nestedLevel>1</nestedLevel>
  <escapedJava>false</escapedJava>
</record>
<record>
  <date>2024-12-10T04:29:56.478298Z</date>
  <millis>1733804996478</millis>
  <nanos>298000</nanos>
  <sequence>18</sequence>
  <level>START</level>
  <class>com.kms.katalon.core.logging.XmlKeywordLogger</class>
  <method>startKeyword</method>
  <thread>1</thread>
  <message>Start action : sendRequest(findTestObject(&amp;quot;SOAP/SOAP Service/CalculatorSoap/Add&amp;quot;, [&amp;quot;IntA&amp;quot;:IntA1, &amp;quot;IntB&amp;quot;:IntA2]))</message>
  <nestedLevel>1</nestedLevel>
  <escapedJava>false</escapedJava>
  <property name="startLine">22</property>
  <property name="stepIndex">1</property>
</record>
<record>
  <date>2024-12-10T04:29:57.720170Z</date>
  <millis>1733804997720</millis>
  <nanos>170000</nanos>
  <sequence>22</sequence>
  <level>INFO</level>
  <class>com.kms.katalon.core.logging.XmlKeywordLogger</class>
  <method>logMessage</method>
  <thread>1</thread>
  <message>HAR: /Users/mahtabsiddique/git/api-sample-tests/Reports/20241210_095955/TS_Addition/20241210_095955/requests/main/0.har</message>
  <nestedLevel>1</nestedLevel>
  <escapedJava>false</escapedJava>
  <property name="harId">6df9fe2c-6be2-411d-a2fd-3fafc406bbd8</property>
</record>
<record>
  <date>2024-12-10T04:29:57.742983Z</date>
  <millis>1733804997742</millis>
  <nanos>983000</nanos>
  <sequence>23</sequence>
  <level>PASSED</level>
  <class>com.kms.katalon.core.logging.XmlKeywordLogger</class>
  <method>logMessage</method>
  <thread>1</thread>
  <message>Send request successfully</message>
  <nestedLevel>1</nestedLevel>
  <escapedJava>false</escapedJava>
  <property name="testops-method-name">com.kms.katalon.core.webservice.keyword.builtin.SendRequestKeyword.sendRequest</property>
  <property name="testops-execution-stacktrace"></property>
</record>
<record>
  <date>2024-12-10T04:29:57.743243Z</date>
  <millis>1733804997743</millis>
  <nanos>243000</nanos>
  <sequence>24</sequence>
  <level>END</level>
  <class>com.kms.katalon.core.logging.XmlKeywordLogger</class>
  <method>endKeyword</method>
  <thread>1</thread>
  <message>End action : sendRequest(findTestObject(&amp;quot;SOAP/SOAP Service/CalculatorSoap/Add&amp;quot;, [&amp;quot;IntA&amp;quot;:IntA1, &amp;quot;IntB&amp;quot;:IntA2]))</message>
  <nestedLevel>1</nestedLevel>
  <escapedJava>false</escapedJava>
</record>
<record>
  <date>2024-12-10T04:29:57.743416Z</date>
  <millis>1733804997743</millis>
  <nanos>416000</nanos>
  <sequence>25</sequence>
  <level>PASSED</level>
  <class>com.kms.katalon.core.logging.XmlKeywordLogger</class>
  <method>logMessage</method>
  <thread>1</thread>
  <message>Test Cases/SOAP/TC-SOAP-ADD</message>
  <nestedLevel>1</nestedLevel>
  <escapedJava>false</escapedJava>
</record>
<record>
  <date>2024-12-10T04:29:57.744015Z</date>
  <millis>1733804997744</millis>
  <nanos>15000</nanos>
  <sequence>27</sequence>
  <level>END</level>
  <class>com.kms.katalon.core.logging.XmlKeywordLogger</class>
  <method>endTest</method>
  <thread>1</thread>
  <message>End Test Case : Test Cases/SOAP/TC-SOAP-ADD</message>
  <nestedLevel>0</nestedLevel>
  <escapedJava>false</escapedJava>
  <property name="executionBindingVariables">[
  {
    &quot;displayReportName&quot;: &quot;IntA1&quot;,
    &quot;value&quot;: &quot;1&quot;,
    &quot;name&quot;: &quot;IntA1&quot;,
    &quot;masked&quot;: false
  },
  {
    &quot;displayReportName&quot;: &quot;IntA2&quot;,
    &quot;value&quot;: &quot;2&quot;,
    &quot;name&quot;: &quot;IntA2&quot;,
    &quot;masked&quot;: false
  }
]</property>
  <property name="applitools">false</property>
  <property name="remainingRetryCount">3</property>
  <property name="currentRetryCount">0</property>
  <property name="keywordsUsage">{
  &quot;web_ui&quot;: false,
  &quot;web_service&quot;: true,
  &quot;cucumber&quot;: false,
  &quot;builtin&quot;: false,
  &quot;mobile&quot;: false,
  &quot;windows&quot;: false,
  &quot;testng&quot;: false
}</property>
</record>
<record>
  <date>2024-12-10T04:29:57.750532Z</date>
  <millis>1733804997750</millis>
  <nanos>532000</nanos>
  <sequence>30</sequence>
  <level>START</level>
  <class>com.kms.katalon.core.logging.XmlKeywordLogger</class>
  <method>startTest</method>
  <thread>1</thread>
  <message>Start Test Case : Test Cases/SOAP/TC-SOAP-ADD</message>
  <nestedLevel>1</nestedLevel>
  <escapedJava>false</escapedJava>
  <property name="remainingRetryCount">3</property>
  <property name="name">Test Cases/SOAP/TC-SOAP-ADD</property>
  <property name="description"></property>
  <property name="iteration">4</property>
  <property name="id">Test Cases/SOAP/TC-SOAP-ADD</property>
  <property name="source">\Users\mahtabsiddique\git\api-sample-tests\Test Cases\SOAP\TC-SOAP-ADD.tc</property>
  <property name="tag"></property>
  <property name="isOptional">false</property>
  <property name="currentRetryCount">0</property>
</record>
<record>
  <date>2024-12-10T04:29:57.755130Z</date>
  <millis>1733804997755</millis>
  <nanos>130000</nanos>
  <sequence>33</sequence>
  <level>INFO</level>
  <class>com.kms.katalon.core.logging.XmlKeywordLogger</class>
  <method>logMessage</method>
  <thread>1</thread>
  <message>IntA1 = 2</message>
  <nestedLevel>1</nestedLevel>
  <escapedJava>false</escapedJava>
</record>
<record>
  <date>2024-12-10T04:29:57.755407Z</date>
  <millis>1733804997755</millis>
  <nanos>407000</nanos>
  <sequence>35</sequence>
  <level>INFO</level>
  <class>com.kms.katalon.core.logging.XmlKeywordLogger</class>
  <method>logMessage</method>
  <thread>1</thread>
  <message>IntA2 = 4</message>
  <nestedLevel>1</nestedLevel>
  <escapedJava>false</escapedJava>
</record>
<record>
  <date>2024-12-10T04:29:57.755996Z</date>
  <millis>1733804997755</millis>
  <nanos>996000</nanos>
  <sequence>36</sequence>
  <level>START</level>
  <class>com.kms.katalon.core.logging.XmlKeywordLogger</class>
  <method>startKeyword</method>
  <thread>1</thread>
  <message>Start action : sendRequest(findTestObject(&amp;quot;SOAP/SOAP Service/CalculatorSoap/Add&amp;quot;, [&amp;quot;IntA&amp;quot;:IntA1, &amp;quot;IntB&amp;quot;:IntA2]))</message>
  <nestedLevel>1</nestedLevel>
  <escapedJava>false</escapedJava>
  <property name="startLine">22</property>
  <property name="stepIndex">1</property>
</record>
<record>
  <date>2024-12-10T04:29:58.381175Z</date>
  <millis>1733804998381</millis>
  <nanos>175000</nanos>
  <sequence>40</sequence>
  <level>INFO</level>
  <class>com.kms.katalon.core.logging.XmlKeywordLogger</class>
  <method>logMessage</method>
  <thread>1</thread>
  <message>HAR: /Users/mahtabsiddique/git/api-sample-tests/Reports/20241210_095955/TS_Addition/20241210_095955/requests/main/1.har</message>
  <nestedLevel>1</nestedLevel>
  <escapedJava>false</escapedJava>
  <property name="harId">1e90d560-1ecf-4b4f-b201-10c8a1b77b1f</property>
</record>
<record>
  <date>2024-12-10T04:29:58.389489Z</date>
  <millis>1733804998389</millis>
  <nanos>489000</nanos>
  <sequence>41</sequence>
  <level>PASSED</level>
  <class>com.kms.katalon.core.logging.XmlKeywordLogger</class>
  <method>logMessage</method>
  <thread>1</thread>
  <message>Send request successfully</message>
  <nestedLevel>1</nestedLevel>
  <escapedJava>false</escapedJava>
  <property name="testops-method-name">com.kms.katalon.core.webservice.keyword.builtin.SendRequestKeyword.sendRequest</property>
  <property name="testops-execution-stacktrace"></property>
</record>
<record>
  <date>2024-12-10T04:29:58.390435Z</date>
  <millis>1733804998390</millis>
  <nanos>435000</nanos>
  <sequence>42</sequence>
  <level>END</level>
  <class>com.kms.katalon.core.logging.XmlKeywordLogger</class>
  <method>endKeyword</method>
  <thread>1</thread>
  <message>End action : sendRequest(findTestObject(&amp;quot;SOAP/SOAP Service/CalculatorSoap/Add&amp;quot;, [&amp;quot;IntA&amp;quot;:IntA1, &amp;quot;IntB&amp;quot;:IntA2]))</message>
  <nestedLevel>1</nestedLevel>
  <escapedJava>false</escapedJava>
</record>
<record>
  <date>2024-12-10T04:29:58.390989Z</date>
  <millis>1733804998390</millis>
  <nanos>989000</nanos>
  <sequence>43</sequence>
  <level>PASSED</level>
  <class>com.kms.katalon.core.logging.XmlKeywordLogger</class>
  <method>logMessage</method>
  <thread>1</thread>
  <message>Test Cases/SOAP/TC-SOAP-ADD</message>
  <nestedLevel>1</nestedLevel>
  <escapedJava>false</escapedJava>
</record>
<record>
  <date>2024-12-10T04:29:58.392859Z</date>
  <millis>1733804998392</millis>
  <nanos>859000</nanos>
  <sequence>45</sequence>
  <level>END</level>
  <class>com.kms.katalon.core.logging.XmlKeywordLogger</class>
  <method>endTest</method>
  <thread>1</thread>
  <message>End Test Case : Test Cases/SOAP/TC-SOAP-ADD</message>
  <nestedLevel>0</nestedLevel>
  <escapedJava>false</escapedJava>
  <property name="executionBindingVariables">[
  {
    &quot;displayReportName&quot;: &quot;IntA1&quot;,
    &quot;value&quot;: &quot;2&quot;,
    &quot;name&quot;: &quot;IntA1&quot;,
    &quot;masked&quot;: false
  },
  {
    &quot;displayReportName&quot;: &quot;IntA2&quot;,
    &quot;value&quot;: &quot;4&quot;,
    &quot;name&quot;: &quot;IntA2&quot;,
    &quot;masked&quot;: false
  }
]</property>
  <property name="applitools">false</property>
  <property name="remainingRetryCount">3</property>
  <property name="currentRetryCount">0</property>
  <property name="keywordsUsage">{
  &quot;web_ui&quot;: false,
  &quot;web_service&quot;: true,
  &quot;cucumber&quot;: false,
  &quot;builtin&quot;: false,
  &quot;mobile&quot;: false,
  &quot;windows&quot;: false,
  &quot;testng&quot;: false
}</property>
</record>
<record>
  <date>2024-12-10T04:29:58.405977Z</date>
  <millis>1733804998405</millis>
  <nanos>977000</nanos>
  <sequence>48</sequence>
  <level>START</level>
  <class>com.kms.katalon.core.logging.XmlKeywordLogger</class>
  <method>startTest</method>
  <thread>1</thread>
  <message>Start Test Case : Test Cases/SOAP/TC-SOAP-ADD</message>
  <nestedLevel>1</nestedLevel>
  <escapedJava>false</escapedJava>
  <property name="remainingRetryCount">3</property>
  <property name="name">Test Cases/SOAP/TC-SOAP-ADD</property>
  <property name="description"></property>
  <property name="iteration">6</property>
  <property name="id">Test Cases/SOAP/TC-SOAP-ADD</property>
  <property name="source">\Users\mahtabsiddique\git\api-sample-tests\Test Cases\SOAP\TC-SOAP-ADD.tc</property>
  <property name="tag"></property>
  <property name="isOptional">false</property>
  <property name="currentRetryCount">0</property>
</record>
<record>
  <date>2024-12-10T04:29:58.413296Z</date>
  <millis>1733804998413</millis>
  <nanos>296000</nanos>
  <sequence>51</sequence>
  <level>INFO</level>
  <class>com.kms.katalon.core.logging.XmlKeywordLogger</class>
  <method>logMessage</method>
  <thread>1</thread>
  <message>IntA1 = 4</message>
  <nestedLevel>1</nestedLevel>
  <escapedJava>false</escapedJava>
</record>
<record>
  <date>2024-12-10T04:29:58.413968Z</date>
  <millis>1733804998413</millis>
  <nanos>968000</nanos>
  <sequence>53</sequence>
  <level>INFO</level>
  <class>com.kms.katalon.core.logging.XmlKeywordLogger</class>
  <method>logMessage</method>
  <thread>1</thread>
  <message>IntA2 = 6</message>
  <nestedLevel>1</nestedLevel>
  <escapedJava>false</escapedJava>
</record>
<record>
  <date>2024-12-10T04:29:58.414893Z</date>
  <millis>1733804998414</millis>
  <nanos>893000</nanos>
  <sequence>54</sequence>
  <level>START</level>
  <class>com.kms.katalon.core.logging.XmlKeywordLogger</class>
  <method>startKeyword</method>
  <thread>1</thread>
  <message>Start action : sendRequest(findTestObject(&amp;quot;SOAP/SOAP Service/CalculatorSoap/Add&amp;quot;, [&amp;quot;IntA&amp;quot;:IntA1, &amp;quot;IntB&amp;quot;:IntA2]))</message>
  <nestedLevel>1</nestedLevel>
  <escapedJava>false</escapedJava>
  <property name="startLine">22</property>
  <property name="stepIndex">1</property>
</record>
<record>
  <date>2024-12-10T04:29:58.675552Z</date>
  <millis>1733804998675</millis>
  <nanos>552000</nanos>
  <sequence>58</sequence>
  <level>INFO</level>
  <class>com.kms.katalon.core.logging.XmlKeywordLogger</class>
  <method>logMessage</method>
  <thread>1</thread>
  <message>HAR: /Users/mahtabsiddique/git/api-sample-tests/Reports/20241210_095955/TS_Addition/20241210_095955/requests/main/2.har</message>
  <nestedLevel>1</nestedLevel>
  <escapedJava>false</escapedJava>
  <property name="harId">4d2e910c-767d-41a8-aa8c-2caa5b3f7ac5</property>
</record>
<record>
  <date>2024-12-10T04:29:58.676573Z</date>
  <millis>1733804998676</millis>
  <nanos>573000</nanos>
  <sequence>59</sequence>
  <level>PASSED</level>
  <class>com.kms.katalon.core.logging.XmlKeywordLogger</class>
  <method>logMessage</method>
  <thread>1</thread>
  <message>Send request successfully</message>
  <nestedLevel>1</nestedLevel>
  <escapedJava>false</escapedJava>
  <property name="testops-method-name">com.kms.katalon.core.webservice.keyword.builtin.SendRequestKeyword.sendRequest</property>
  <property name="testops-execution-stacktrace"></property>
</record>
<record>
  <date>2024-12-10T04:29:58.676806Z</date>
  <millis>1733804998676</millis>
  <nanos>806000</nanos>
  <sequence>60</sequence>
  <level>END</level>
  <class>com.kms.katalon.core.logging.XmlKeywordLogger</class>
  <method>endKeyword</method>
  <thread>1</thread>
  <message>End action : sendRequest(findTestObject(&amp;quot;SOAP/SOAP Service/CalculatorSoap/Add&amp;quot;, [&amp;quot;IntA&amp;quot;:IntA1, &amp;quot;IntB&amp;quot;:IntA2]))</message>
  <nestedLevel>1</nestedLevel>
  <escapedJava>false</escapedJava>
</record>
<record>
  <date>2024-12-10T04:29:58.676969Z</date>
  <millis>1733804998676</millis>
  <nanos>969000</nanos>
  <sequence>61</sequence>
  <level>PASSED</level>
  <class>com.kms.katalon.core.logging.XmlKeywordLogger</class>
  <method>logMessage</method>
  <thread>1</thread>
  <message>Test Cases/SOAP/TC-SOAP-ADD</message>
  <nestedLevel>1</nestedLevel>
  <escapedJava>false</escapedJava>
</record>
<record>
  <date>2024-12-10T04:29:58.677635Z</date>
  <millis>1733804998677</millis>
  <nanos>635000</nanos>
  <sequence>63</sequence>
  <level>END</level>
  <class>com.kms.katalon.core.logging.XmlKeywordLogger</class>
  <method>endTest</method>
  <thread>1</thread>
  <message>End Test Case : Test Cases/SOAP/TC-SOAP-ADD</message>
  <nestedLevel>0</nestedLevel>
  <escapedJava>false</escapedJava>
  <property name="executionBindingVariables">[
  {
    &quot;displayReportName&quot;: &quot;IntA1&quot;,
    &quot;value&quot;: &quot;4&quot;,
    &quot;name&quot;: &quot;IntA1&quot;,
    &quot;masked&quot;: false
  },
  {
    &quot;displayReportName&quot;: &quot;IntA2&quot;,
    &quot;value&quot;: &quot;6&quot;,
    &quot;name&quot;: &quot;IntA2&quot;,
    &quot;masked&quot;: false
  }
]</property>
  <property name="applitools">false</property>
  <property name="remainingRetryCount">3</property>
  <property name="currentRetryCount">0</property>
  <property name="keywordsUsage">{
  &quot;web_ui&quot;: false,
  &quot;web_service&quot;: true,
  &quot;cucumber&quot;: false,
  &quot;builtin&quot;: false,
  &quot;mobile&quot;: false,
  &quot;windows&quot;: false,
  &quot;testng&quot;: false
}</property>
</record>
<record>
  <date>2024-12-10T04:29:58.678010Z</date>
  <millis>1733804998678</millis>
  <nanos>10000</nanos>
  <sequence>64</sequence>
  <level>START</level>
  <class>com.kms.katalon.core.logging.XmlKeywordLogger</class>
  <method>startKeyword</method>
  <thread>1</thread>
  <message>Start listener action : exportKatalonReports</message>
  <nestedLevel>0</nestedLevel>
  <escapedJava>false</escapedJava>
</record>
<record>
  <date>2024-12-10T04:29:58.730235Z</date>
  <millis>1733804998730</millis>
  <nanos>235000</nanos>
  <sequence>133</sequence>
  <level>INFO</level>
  <class>com.kms.katalon.core.logging.XmlKeywordLogger</class>
  <method>logMessage</method>
  <thread>1</thread>
  <message>Start generating HTML report folder at: /Users/mahtabsiddique/git/api-sample-tests/Reports/20241210_095955/TS_Addition/20241210_095955...</message>
  <nestedLevel>0</nestedLevel>
  <escapedJava>false</escapedJava>
</record>
<record>
  <date>2024-12-10T04:29:58.744752Z</date>
  <millis>1733804998744</millis>
  <nanos>752000</nanos>
  <sequence>135</sequence>
  <level>INFO</level>
  <class>com.kms.katalon.core.logging.XmlKeywordLogger</class>
  <method>logMessage</method>
  <thread>1</thread>
  <message>HTML report generated</message>
  <nestedLevel>0</nestedLevel>
  <escapedJava>false</escapedJava>
</record>
<record>
  <date>2024-12-10T04:29:58.745019Z</date>
  <millis>1733804998745</millis>
  <nanos>19000</nanos>
  <sequence>137</sequence>
  <level>INFO</level>
  <class>com.kms.katalon.core.logging.XmlKeywordLogger</class>
  <method>logMessage</method>
  <thread>1</thread>
  <message>Start generating CSV report folder at: /Users/mahtabsiddique/git/api-sample-tests/Reports/20241210_095955/TS_Addition/20241210_095955...</message>
  <nestedLevel>0</nestedLevel>
  <escapedJava>false</escapedJava>
</record>
<record>
  <date>2024-12-10T04:29:58.748892Z</date>
  <millis>1733804998748</millis>
  <nanos>892000</nanos>
  <sequence>139</sequence>
  <level>INFO</level>
  <class>com.kms.katalon.core.logging.XmlKeywordLogger</class>
  <method>logMessage</method>
  <thread>1</thread>
  <message>CSV report generated</message>
  <nestedLevel>0</nestedLevel>
  <escapedJava>false</escapedJava>
</record>
<record>
  <date>2024-12-10T04:29:58.758819Z</date>
  <millis>1733804998758</millis>
  <nanos>819000</nanos>
  <sequence>141</sequence>
  <level>END</level>
  <class>com.kms.katalon.core.logging.XmlKeywordLogger</class>
  <method>endKeyword</method>
  <thread>1</thread>
  <message>End listener action : exportKatalonReports</message>
  <nestedLevel>0</nestedLevel>
  <escapedJava>false</escapedJava>
</record>
<record>
  <date>2024-12-10T04:29:58.770957Z</date>
  <millis>1733804998770</millis>
  <nanos>957000</nanos>
  <sequence>145</sequence>
  <level>END</level>
  <class>com.kms.katalon.core.logging.XmlKeywordLogger</class>
  <method>endSuite</method>
  <thread>1</thread>
  <message>End Test Suite : Test Suites/TS_Addition</message>
  <nestedLevel>0</nestedLevel>
  <escapedJava>false</escapedJava>
</record>
</log>
<?xml version="1.0" encoding="UTF-8" standalone="no"?>
<!DOCTYPE log SYSTEM "logger.dtd">
<log>
<record>
  <date>2024-12-10T06:06:08.082563Z</date>
  <millis>1733810768082</millis>
  <nanos>563000</nanos>
  <sequence>119</sequence>
  <level>INFO</level>
  <class>com.kms.katalon.core.logging.XmlKeywordLogger</class>
  <method>logMessage</method>
  <thread>200</thread>
  <message>HAR: /var/folders/1j/l6215wsx1tb1nnyyg3vv0xxm0000gn/T/har11534306365705595697/requests/ModalContext/0.har</message>
  <nestedLevel>0</nestedLevel>
  <escapedJava>false</escapedJava>
  <property name="harId">e4866322-8b5a-48eb-8349-4afd2e99c1eb</property>
</record>
<record>
  <date>2024-12-10T06:07:09.624040Z</date>
  <millis>1733810829624</millis>
  <nanos>40000</nanos>
  <sequence>120</sequence>
  <level>INFO</level>
  <class>com.kms.katalon.core.logging.XmlKeywordLogger</class>
  <method>logMessage</method>
  <thread>212</thread>
  <message>HAR: /var/folders/1j/l6215wsx1tb1nnyyg3vv0xxm0000gn/T/har12121498058816817095/requests/ModalContext/1.har</message>
  <nestedLevel>0</nestedLevel>
  <escapedJava>false</escapedJava>
  <property name="harId">32477aab-a385-4272-b373-815636f402da</property>
</record>
<record>
  <date>2024-12-10T06:09:55.129137Z</date>
  <millis>1733810995129</millis>
  <nanos>137000</nanos>
  <sequence>140</sequence>
  <level>INFO</level>
  <class>com.kms.katalon.core.logging.XmlKeywordLogger</class>
  <method>logMessage</method>
  <thread>282</thread>
  <message>HAR: /var/folders/1j/l6215wsx1tb1nnyyg3vv0xxm0000gn/T/har8778563405740114363/requests/ModalContext/2.har</message>
  <nestedLevel>0</nestedLevel>
  <escapedJava>false</escapedJava>
  <property name="harId">794c3ea3-51e2-479a-b06d-6967fddee3c9</property>
</record>
<record>
  <date>2024-12-10T06:19:26.398072Z</date>
  <millis>1733811566398</millis>
  <nanos>72000</nanos>
  <sequence>141</sequence>
  <level>INFO</level>
  <class>com.kms.katalon.core.logging.XmlKeywordLogger</class>
  <method>logMessage</method>
  <thread>368</thread>
  <message>HAR: /var/folders/1j/l6215wsx1tb1nnyyg3vv0xxm0000gn/T/har17769886604756884460/requests/ModalContext/3.har</message>
  <nestedLevel>0</nestedLevel>
  <escapedJava>false</escapedJava>
  <property name="harId">97796f29-26eb-48a8-b840-59eb4486478d</property>
</record>
<record>
  <date>2024-12-10T06:24:32.861947Z</date>
  <millis>1733811872861</millis>
  <nanos>947000</nanos>
  <sequence>142</sequence>
  <level>INFO</level>
  <class>com.kms.katalon.core.logging.XmlKeywordLogger</class>
  <method>logMessage</method>
  <thread>421</thread>
  <message>HAR: /var/folders/1j/l6215wsx1tb1nnyyg3vv0xxm0000gn/T/har9322879480059056928/requests/ModalContext/4.har</message>
  <nestedLevel>0</nestedLevel>
  <escapedJava>false</escapedJava>
  <property name="harId">0f467a0f-0abb-4d78-9ec5-8951f3976f55</property>
</record>
<record>
  <date>2024-12-10T06:28:20.360215Z</date>
  <millis>1733812100360</millis>
  <nanos>215000</nanos>
  <sequence>143</sequence>
  <level>INFO</level>
  <class>com.kms.katalon.core.logging.XmlKeywordLogger</class>
  <method>logMessage</method>
  <thread>380</thread>
  <message>Finding test data with id &amp;apos;Data Files/TestValues&amp;apos;</message>
  <nestedLevel>0</nestedLevel>
  <escapedJava>false</escapedJava>
</record>
<record>
  <date>2024-12-10T06:28:20.361808Z</date>
  <millis>1733812100361</millis>
  <nanos>808000</nanos>
  <sequence>144</sequence>
  <level>INFO</level>
  <class>com.kms.katalon.core.logging.XmlKeywordLogger</class>
  <method>logMessage</method>
  <thread>380</thread>
  <message>Test data is internal data, reading internal data</message>
  <nestedLevel>0</nestedLevel>
  <escapedJava>false</escapedJava>
</record>
</log>
